Using pre-set license
Built from '2020.3/staging' branch; Version is '2020.3.29f1 (2ff179115da0) revision 3142009'; Using compiler version '192528614'; Build Type 'Release'
OS: 'Windows 10  (10.0.19042) 64bit Core' Language: 'tr' Physical Memory: 16343 MB
BatchMode: 1, IsHumanControllingUs: 0, StartBugReporterOnCrash: 0, Is64bit: 1, IsPro: 0

COMMAND LINE ARGUMENTS:
C:\Program Files\Unity\Hub\Editor\2020.3.29f1\Editor\Unity.exe
-adb2
-batchMode
-noUpm
-name
AssetImportWorker0
-projectPath
C:/Users/kenan/Documents/Git-CarEnergyDrifting3D/CarEnergyDrifting3D-URP
-logFile
Logs/AssetImportWorker0.log
-srvPort
61283
Successfully changed project path to: C:/Users/kenan/Documents/Git-CarEnergyDrifting3D/CarEnergyDrifting3D-URP
C:/Users/kenan/Documents/Git-CarEnergyDrifting3D/CarEnergyDrifting3D-URP
Using Asset Import Pipeline V2.
Refreshing native plugins compatible for Editor in 87.10 ms, found 2 plugins.
Preloading 0 native plugins for Editor in 0.00 ms.
Initialize engine version: 2020.3.29f1 (2ff179115da0)
[Subsystems] Discovering subsystems at path C:/Program Files/Unity/Hub/Editor/2020.3.29f1/Editor/Data/Resources/UnitySubsystems
[Subsystems] Discovering subsystems at path C:/Users/kenan/Documents/Git-CarEnergyDrifting3D/CarEnergyDrifting3D-URP/Assets
GfxDevice: creating device client; threaded=0
Direct3D:
    Version:  Direct3D 11.0 [level 11.1]
    Renderer: NVIDIA GeForce GTX 1050 Ti (ID=0x1c82)
    Vendor:   
    VRAM:     4018 MB
    Driver:   30.0.14.7212
Initialize mono
Mono path[0] = 'C:/Program Files/Unity/Hub/Editor/2020.3.29f1/Editor/Data/Managed'
Mono path[1] = 'C:/Program Files/Unity/Hub/Editor/2020.3.29f1/Editor/Data/MonoBleedingEdge/lib/mono/unityjit'
Mono config path = 'C:/Program Files/Unity/Hub/Editor/2020.3.29f1/Editor/Data/MonoBleedingEdge/etc'
Using monoOptions --debugger-agent=transport=dt_socket,embedding=1,server=y,suspend=n,address=127.0.0.1:56368
Begin MonoManager ReloadAssembly
Registering precompiled unity dll's ...
Register platform support module: C:/Program Files/Unity/Hub/Editor/2020.3.29f1/Editor/Data/PlaybackEngines/WindowsStandaloneSupport/UnityEditor.WindowsStandalone.Extensions.dll
Registered in 0.012712 seconds.
Native extension for WindowsStandalone target not found
Refreshing native plugins compatible for Editor in 102.43 ms, found 2 plugins.
Preloading 0 native plugins for Editor in 0.00 ms.
Mono: successfully reloaded assembly
- Completed reload, in  1.024 seconds
Domain Reload Profiling:
	ReloadAssembly (1025ms)
		BeginReloadAssembly (98ms)
			ExecutionOrderSort (0ms)
			DisableScriptedObjects (0ms)
			BackupInstance (0ms)
			ReleaseScriptingObjects (0ms)
			CreateAndSetChildDomain (1ms)
		EndReloadAssembly (774ms)
			LoadAssemblies (95ms)
			RebuildTransferFunctionScriptingTraits (0ms)
			SetupTypeCache (249ms)
			ReleaseScriptCaches (0ms)
			RebuildScriptCaches (47ms)
			SetupLoadedEditorAssemblies (343ms)
				LogAssemblyErrors (0ms)
				InitializePlatformSupportModulesInManaged (8ms)
				SetLoadedEditorAssemblies (1ms)
				RefreshPlugins (103ms)
				BeforeProcessingInitializeOnLoad (41ms)
				ProcessInitializeOnLoadAttributes (146ms)
				ProcessInitializeOnLoadMethodAttributes (45ms)
				AfterProcessingInitializeOnLoad (0ms)
				EditorAssembliesLoaded (0ms)
			ExecutionOrderSort2 (0ms)
			AwakeInstancesAfterBackupRestoration (0ms)
Platform modules already initialized, skipping
Registering precompiled user dll's ...
Registered in 0.006464 seconds.
Begin MonoManager ReloadAssembly
Native extension for WindowsStandalone target not found
Refreshing native plugins compatible for Editor in 81.44 ms, found 2 plugins.
Preloading 0 native plugins for Editor in 0.00 ms.
Mono: successfully reloaded assembly
- Completed reload, in  2.243 seconds
Domain Reload Profiling:
	ReloadAssembly (2244ms)
		BeginReloadAssembly (232ms)
			ExecutionOrderSort (0ms)
			DisableScriptedObjects (6ms)
			BackupInstance (0ms)
			ReleaseScriptingObjects (0ms)
			CreateAndSetChildDomain (27ms)
		EndReloadAssembly (1920ms)
			LoadAssemblies (168ms)
			RebuildTransferFunctionScriptingTraits (0ms)
			SetupTypeCache (590ms)
			ReleaseScriptCaches (1ms)
			RebuildScriptCaches (132ms)
			SetupLoadedEditorAssemblies (660ms)
				LogAssemblyErrors (0ms)
				InitializePlatformSupportModulesInManaged (5ms)
				SetLoadedEditorAssemblies (0ms)
				RefreshPlugins (82ms)
				BeforeProcessingInitializeOnLoad (162ms)
				ProcessInitializeOnLoadAttributes (366ms)
				ProcessInitializeOnLoadMethodAttributes (35ms)
				AfterProcessingInitializeOnLoad (10ms)
				EditorAssembliesLoaded (0ms)
			ExecutionOrderSort2 (0ms)
			AwakeInstancesAfterBackupRestoration (12ms)
Platform modules already initialized, skipping
========================================================================
Worker process is ready to serve import requests
Launched and connected shader compiler UnityShaderCompiler.exe after 0.20 seconds
Refreshing native plugins compatible for Editor in 0.52 ms, found 2 plugins.
Preloading 0 native plugins for Editor in 0.00 ms.
Unloading 3227 Unused Serialized files (Serialized files now loaded: 0)
System memory in use before: 147.3 MB.
System memory in use after: 147.4 MB.

Unloading 18 unused Assets to reduce memory usage. Loaded Objects now: 3663.
Total: 5.036200 ms (FindLiveObjects: 0.381300 ms CreateObjectMapping: 0.351900 ms MarkObjects: 4.075400 ms  DeleteObjects: 0.226300 ms)

AssetImportParameters requested are different than current active one (requested -> active):
  custom:framework-win-MediaFoundation: 216162199b28c13a410421893ffa2e32 -> 
  custom:video-decoder-ogg-theora: a1e56fd34408186e4bbccfd4996cb3dc -> 
  custom:container-muxer-webm: aa71ff27fc2769a1b78a27578f13a17b -> 
  custom:container-demuxer-webm: 4f35f7cbe854078d1ac9338744f61a02 -> 
  custom:container-demuxer-ogg: 62fdf1f143b41e24485cea50d1cbac27 -> 
  custom:video-encoder-webm-vp8: eb34c28f22e8b96e1ab97ce403110664 -> 
  custom:video-decoder-webm-vp8: 9c59270c3fd7afecdb556c50c9e8de78 -> 
  custom:audio-decoder-ogg-vorbis: bf7c407c2cedff20999df2af8eb42d56 -> 
  custom:audio-encoder-webm-vorbis: bf7c407c2cedff20999df2af8eb42d56 -> 
========================================================================
Received Import Request.
  path: Assets/Settings/SampleSceneProfile.asset
  artifactKey: Guid(10fc4df2da32a41aaa32d77bc913491c) Importer(815301076,1909f56bfc062723c751e8b465ee728b)
Start importing Assets/Settings/SampleSceneProfile.asset using Guid(10fc4df2da32a41aaa32d77bc913491c) Importer(815301076,1909f56bfc062723c751e8b465ee728b)  -> (artifact id: '0dfb4914a1aa98995545a3d51c954500') in 0.090912 seconds 
  Import took 0.097792 seconds .

========================================================================
Received Import Request.
  Time since last request: 0.000216 seconds.
  path: Assets/Settings/UniversalRP-LowQuality.asset
  artifactKey: Guid(a31e9f9f9c9d4b9429ed0d1234e22103) Importer(815301076,1909f56bfc062723c751e8b465ee728b)
Start importing Assets/Settings/UniversalRP-LowQuality.asset using Guid(a31e9f9f9c9d4b9429ed0d1234e22103) Importer(815301076,1909f56bfc062723c751e8b465ee728b)  -> (artifact id: '177cecf847260b11228d82849888d535') in 0.011583 seconds 
  Import took 0.021986 seconds .

========================================================================
Received Import Request.
  Time since last request: 0.000176 seconds.
  path: Assets/Settings/UniversalRP-MediumQuality.asset
  artifactKey: Guid(d847b876476d3d6468f5dfcd34266f96) Importer(815301076,1909f56bfc062723c751e8b465ee728b)
Start importing Assets/Settings/UniversalRP-MediumQuality.asset using Guid(d847b876476d3d6468f5dfcd34266f96) Importer(815301076,1909f56bfc062723c751e8b465ee728b)  -> (artifact id: '3c67b3ac4920900e9c33f6c37bd99839') in 0.017810 seconds 
  Import took 0.028738 seconds .

========================================================================
Received Import Request.
  Time since last request: 0.000209 seconds.
  path: Assets/Settings/UniversalRP-HighQuality.asset
  artifactKey: Guid(19ba41d7c0026c3459d37c2fe90c55a0) Importer(815301076,1909f56bfc062723c751e8b465ee728b)
Start importing Assets/Settings/UniversalRP-HighQuality.asset using Guid(19ba41d7c0026c3459d37c2fe90c55a0) Importer(815301076,1909f56bfc062723c751e8b465ee728b)  -> (artifact id: 'c9702f8ecea003e1b7288aae704f188d') in 0.009383 seconds 
  Import took 0.023565 seconds .

========================================================================
Received Import Request.
  Time since last request: 0.000281 seconds.
  path: Assets/Settings/ForwardRenderer.asset
  artifactKey: Guid(4a8e21d5c33334b11b34a596161b9360) Importer(815301076,1909f56bfc062723c751e8b465ee728b)
Start importing Assets/Settings/ForwardRenderer.asset using Guid(4a8e21d5c33334b11b34a596161b9360) Importer(815301076,1909f56bfc062723c751e8b465ee728b)  -> (artifact id: 'cfa58f9b6f47160bb600c3187bda3afa') in 0.014678 seconds 
  Import took 0.026171 seconds .

========================================================================
Received Import Request.
  Time since last request: 106.293263 seconds.
  path: Assets/Settings/SampleSceneProfile.asset
  artifactKey: Guid(10fc4df2da32a41aaa32d77bc913491c) Importer(815301076,1909f56bfc062723c751e8b465ee728b)
Start importing Assets/Settings/SampleSceneProfile.asset using Guid(10fc4df2da32a41aaa32d77bc913491c) Importer(815301076,1909f56bfc062723c751e8b465ee728b)  -> (artifact id: 'b546beb0c537b566329e6a522b44be2e') in 0.007920 seconds 
  Import took 0.019188 seconds .

========================================================================
Received Import Request.
  Time since last request: 0.000157 seconds.
  path: Assets/Settings/UniversalRP-LowQuality.asset
  artifactKey: Guid(a31e9f9f9c9d4b9429ed0d1234e22103) Importer(815301076,1909f56bfc062723c751e8b465ee728b)
Start importing Assets/Settings/UniversalRP-LowQuality.asset using Guid(a31e9f9f9c9d4b9429ed0d1234e22103) Importer(815301076,1909f56bfc062723c751e8b465ee728b)  -> (artifact id: '085538aa5d577fb3889ded2348b10d6d') in 0.013579 seconds 
  Import took 0.021425 seconds .

========================================================================
Received Import Request.
  Time since last request: 0.000649 seconds.
  path: Assets/Settings/UniversalRP-HighQuality.asset
  artifactKey: Guid(19ba41d7c0026c3459d37c2fe90c55a0) Importer(815301076,1909f56bfc062723c751e8b465ee728b)
Start importing Assets/Settings/UniversalRP-HighQuality.asset using Guid(19ba41d7c0026c3459d37c2fe90c55a0) Importer(815301076,1909f56bfc062723c751e8b465ee728b)  -> (artifact id: 'bd92f9cf38096ce500cdb5b7cb359609') in 0.008028 seconds 
  Import took 0.022698 seconds .

========================================================================
Received Import Request.
  Time since last request: 66.717443 seconds.
  path: Assets/3DPrefabs/BoostsLvl1.prefab
  artifactKey: Guid(cbf22f4d58756c143bfd739c0e6c7351) Importer(815301076,1909f56bfc062723c751e8b465ee728b)
Start importing Assets/3DPrefabs/BoostsLvl1.prefab using Guid(cbf22f4d58756c143bfd739c0e6c7351) Importer(815301076,1909f56bfc062723c751e8b465ee728b)  -> (artifact id: 'c39afff9dff922b2696190a603f3a688') in 0.295495 seconds 
  Import took 0.305312 seconds .

========================================================================
Received Import Request.
  Time since last request: 0.000155 seconds.
  path: Assets/3DPrefabs/GlassSolid.prefab
  artifactKey: Guid(62eb2c045f89b304283a457ec32e0d55) Importer(815301076,1909f56bfc062723c751e8b465ee728b)
Start importing Assets/3DPrefabs/GlassSolid.prefab using Guid(62eb2c045f89b304283a457ec32e0d55) Importer(815301076,1909f56bfc062723c751e8b465ee728b)  -> (artifact id: 'e7b4c915731be28eeb0928b44536e8b6') in 0.060768 seconds 
  Import took 0.068820 seconds .

========================================================================
Received Import Request.
  Time since last request: 0.000157 seconds.
  path: Assets/3DModels/ors.obj
  artifactKey: Guid(f7f4d6a3d9b26444abbf484c67a0ded8) Importer(815301076,1909f56bfc062723c751e8b465ee728b)
Start importing Assets/3DModels/ors.obj using Guid(f7f4d6a3d9b26444abbf484c67a0ded8) Importer(815301076,1909f56bfc062723c751e8b465ee728b)  -> (artifact id: '03d46afddb766ea2a5a9e54783bd1ef2') in 0.453430 seconds 
  Import took 0.459721 seconds .

========================================================================
Received Import Request.
  Time since last request: 0.000190 seconds.
  path: Assets/3DPrefabs/GlassBreakParts.prefab
  artifactKey: Guid(a666921c2c4fb62498c5b37754daa7ee) Importer(815301076,1909f56bfc062723c751e8b465ee728b)
Start importing Assets/3DPrefabs/GlassBreakParts.prefab using Guid(a666921c2c4fb62498c5b37754daa7ee) Importer(815301076,1909f56bfc062723c751e8b465ee728b)  -> (artifact id: '7133d795536ac7df7a56e69827439286') in 0.040624 seconds 
  Import took 0.047573 seconds .

========================================================================
Received Import Request.
  Time since last request: 0.000157 seconds.
  path: Assets/3DPrefabs/dubaSForGlassSolid.prefab
  artifactKey: Guid(980d474760e8f5a4ba38d947e09b99ff) Importer(815301076,1909f56bfc062723c751e8b465ee728b)
Start importing Assets/3DPrefabs/dubaSForGlassSolid.prefab using Guid(980d474760e8f5a4ba38d947e09b99ff) Importer(815301076,1909f56bfc062723c751e8b465ee728b)  -> (artifact id: '0d954ae09c6767131de00241ec70ed0a') in 0.033474 seconds 
  Import took 0.040806 seconds .

========================================================================
Received Import Request.
  Time since last request: 0.000153 seconds.
  path: Assets/3DPrefabs/SolidStopSign.prefab
  artifactKey: Guid(a20e8f9408ce0944d89e9e2cbeefcf1b) Importer(815301076,1909f56bfc062723c751e8b465ee728b)
Start importing Assets/3DPrefabs/SolidStopSign.prefab using Guid(a20e8f9408ce0944d89e9e2cbeefcf1b) Importer(815301076,1909f56bfc062723c751e8b465ee728b)  -> (artifact id: 'cdd0dc017b3a67231863342c72a88cfd') in 0.104348 seconds 
  Import took 0.110963 seconds .

========================================================================
Received Import Request.
  Time since last request: 0.000153 seconds.
  path: Assets/3DPrefabs/GlassRoadBreakParts.prefab
  artifactKey: Guid(403fe6d3da605a34ea86affcec9436c3) Importer(815301076,1909f56bfc062723c751e8b465ee728b)
Start importing Assets/3DPrefabs/GlassRoadBreakParts.prefab using Guid(403fe6d3da605a34ea86affcec9436c3) Importer(815301076,1909f56bfc062723c751e8b465ee728b)  -> (artifact id: 'c96c2deaa22728871ae0656d53e08516') in 0.050392 seconds 
  Import took 0.057261 seconds .

========================================================================
Received Import Request.
  Time since last request: 0.000171 seconds.
  path: Assets/3DModels/Tire.obj
  artifactKey: Guid(d1fe4e280ad89824e8fe90a4f2ae29d4) Importer(815301076,1909f56bfc062723c751e8b465ee728b)
Start importing Assets/3DModels/Tire.obj using Guid(d1fe4e280ad89824e8fe90a4f2ae29d4) Importer(815301076,1909f56bfc062723c751e8b465ee728b)  -> (artifact id: 'd6c0897b2d36249dda429c8ec4cd7a43') in 0.038082 seconds 
  Import took 0.046657 seconds .

========================================================================
Received Import Request.
  Time since last request: 0.000156 seconds.
  path: Assets/3DPrefabs/StopSignRB.prefab
  artifactKey: Guid(7047ba23b54ce7343b63a19b7eb7baf3) Importer(815301076,1909f56bfc062723c751e8b465ee728b)
Start importing Assets/3DPrefabs/StopSignRB.prefab using Guid(7047ba23b54ce7343b63a19b7eb7baf3) Importer(815301076,1909f56bfc062723c751e8b465ee728b)  -> (artifact id: '2771f08e3db6c9d336238e40b973e05a') in 0.059189 seconds 
  Import took 0.064997 seconds .

========================================================================
Received Import Request.
  Time since last request: 0.000180 seconds.
  path: Assets/3DModels/duba.obj
  artifactKey: Guid(066f89f19dd751845a78a5df9dd8a3eb) Importer(815301076,1909f56bfc062723c751e8b465ee728b)
Start importing Assets/3DModels/duba.obj using Guid(066f89f19dd751845a78a5df9dd8a3eb) Importer(815301076,1909f56bfc062723c751e8b465ee728b)  -> (artifact id: '6cac62d71df68ab726ac263a5ca9bde2') in 0.043127 seconds 
  Import took 0.051420 seconds .

========================================================================
Received Import Request.
  Time since last request: 0.000159 seconds.
  path: Assets/3DModels/StopSign.obj
  artifactKey: Guid(6cfe50c018a8ac4428d08e61ac53fc10) Importer(815301076,1909f56bfc062723c751e8b465ee728b)
Start importing Assets/3DModels/StopSign.obj using Guid(6cfe50c018a8ac4428d08e61ac53fc10) Importer(815301076,1909f56bfc062723c751e8b465ee728b)  -> (artifact id: 'e5f78f6eb2b3fc0a41bf7e2c8ada12e1') in 0.094978 seconds 
  Import took 0.100911 seconds .

========================================================================
Received Import Request.
  Time since last request: 0.000185 seconds.
  path: Assets/3DModels/nos.obj
  artifactKey: Guid(1b903b631c2b6a94da52c78bbcdef3d8) Importer(815301076,1909f56bfc062723c751e8b465ee728b)
Start importing Assets/3DModels/nos.obj using Guid(1b903b631c2b6a94da52c78bbcdef3d8) Importer(815301076,1909f56bfc062723c751e8b465ee728b)  -> (artifact id: 'd18941c056debb91674c993e68655a87') in 0.089995 seconds 
  Import took 0.103716 seconds .

========================================================================
Received Import Request.
  Time since last request: 0.000166 seconds.
  path: Assets/3DModels/CarMainBody.obj
  artifactKey: Guid(cd7035b6ed8d225449d6dd792c4e4b54) Importer(815301076,1909f56bfc062723c751e8b465ee728b)
Start importing Assets/3DModels/CarMainBody.obj using Guid(cd7035b6ed8d225449d6dd792c4e4b54) Importer(815301076,1909f56bfc062723c751e8b465ee728b)  -> (artifact id: '39ac7cdb5bd402c8eb661017372fa9fc') in 0.127606 seconds 
  Import took 0.135312 seconds .

========================================================================
Received Import Request.
  Time since last request: 0.000195 seconds.
  path: Assets/3DPrefabs/GlassRoadCrackParts.prefab
  artifactKey: Guid(1acf5a64c414018408d884ca4f987daf) Importer(815301076,1909f56bfc062723c751e8b465ee728b)
Start importing Assets/3DPrefabs/GlassRoadCrackParts.prefab using Guid(1acf5a64c414018408d884ca4f987daf) Importer(815301076,1909f56bfc062723c751e8b465ee728b)  -> (artifact id: '6d1cb5606f4a072fb51856d5e626138a') in 0.045998 seconds 
  Import took 0.052933 seconds .

========================================================================
Received Prepare
Registering precompiled user dll's ...
Registered in 0.004809 seconds.
Begin MonoManager ReloadAssembly
Native extension for WindowsStandalone target not found
Refreshing native plugins compatible for Editor in 0.84 ms, found 2 plugins.
Preloading 0 native plugins for Editor in 0.00 ms.
Mono: successfully reloaded assembly
- Completed reload, in  3.285 seconds
Domain Reload Profiling:
	ReloadAssembly (3285ms)
		BeginReloadAssembly (860ms)
			ExecutionOrderSort (0ms)
			DisableScriptedObjects (14ms)
			BackupInstance (0ms)
			ReleaseScriptingObjects (1ms)
			CreateAndSetChildDomain (303ms)
		EndReloadAssembly (2275ms)
			LoadAssemblies (465ms)
			RebuildTransferFunctionScriptingTraits (0ms)
			SetupTypeCache (615ms)
			ReleaseScriptCaches (1ms)
			RebuildScriptCaches (95ms)
			SetupLoadedEditorAssemblies (897ms)
				LogAssemblyErrors (0ms)
				InitializePlatformSupportModulesInManaged (11ms)
				SetLoadedEditorAssemblies (1ms)
				RefreshPlugins (1ms)
				BeforeProcessingInitializeOnLoad (345ms)
				ProcessInitializeOnLoadAttributes (476ms)
				ProcessInitializeOnLoadMethodAttributes (41ms)
				AfterProcessingInitializeOnLoad (22ms)
				EditorAssembliesLoaded (0ms)
			ExecutionOrderSort2 (0ms)
			AwakeInstancesAfterBackupRestoration (61ms)
Platform modules already initialized, skipping
Refreshing native plugins compatible for Editor in 0.56 ms, found 2 plugins.
Preloading 0 native plugins for Editor in 0.00 ms.
Unloading 3084 Unused Serialized files (Serialized files now loaded: 0)
System memory in use before: 142.9 MB.
System memory in use after: 143.0 MB.

Unloading 13 unused Assets to reduce memory usage. Loaded Objects now: 3750.
Total: 11.584700 ms (FindLiveObjects: 0.727600 ms CreateObjectMapping: 0.425600 ms MarkObjects: 10.339400 ms  DeleteObjects: 0.090700 ms)

AssetImportParameters requested are different than current active one (requested -> active):
  custom:framework-win-MediaFoundation: 216162199b28c13a410421893ffa2e32 -> 
  custom:video-decoder-ogg-theora: a1e56fd34408186e4bbccfd4996cb3dc -> 
  custom:container-muxer-webm: aa71ff27fc2769a1b78a27578f13a17b -> 
  custom:container-demuxer-webm: 4f35f7cbe854078d1ac9338744f61a02 -> 
  custom:container-demuxer-ogg: 62fdf1f143b41e24485cea50d1cbac27 -> 
  custom:video-encoder-webm-vp8: eb34c28f22e8b96e1ab97ce403110664 -> 
  custom:video-decoder-webm-vp8: 9c59270c3fd7afecdb556c50c9e8de78 -> 
  custom:audio-decoder-ogg-vorbis: bf7c407c2cedff20999df2af8eb42d56 -> 
  custom:audio-encoder-webm-vorbis: bf7c407c2cedff20999df2af8eb42d56 -> 
